2025-11-30 23:54:01,128 - __main__ - INFO - Pandoc is available
2025-11-30 23:54:06,301 - werkzeug - INFO - [31m[1mWARNING: This is a development server. Do not use it in a production deployment. Use a production WSGI server instead.[0m
 * Running on all addresses (0.0.0.0)
 * Running on http://127.0.0.1:5000
 * Running on http://26.26.26.1:5000
2025-11-30 23:54:06,302 - werkzeug - INFO - [33mPress CTRL+C to quit[0m
2025-11-30 23:54:06,310 - werkzeug - INFO -  * Restarting with watchdog (windowsapi)
2025-11-30 23:54:06,572 - __main__ - INFO - Pandoc is available
2025-11-30 23:54:06,583 - werkzeug - WARNING -  * Debugger is active!
2025-11-30 23:54:06,585 - werkzeug - INFO -  * Debugger PIN: 637-448-104
2025-11-30 23:54:07,028 - werkzeug - INFO - 127.0.0.1 - - [30/Nov/2025 23:54:07] "GET /api/templates HTTP/1.1" 200 -
2025-11-30 23:54:07,033 - werkzeug - INFO - 127.0.0.1 - - [30/Nov/2025 23:54:07] "GET /api/templates HTTP/1.1" 200 -
2025-11-30 23:54:07,064 - werkzeug - INFO - 127.0.0.1 - - [30/Nov/2025 23:54:07] "GET /api/health HTTP/1.1" 200 -
2025-11-30 23:54:07,098 - werkzeug - INFO - 127.0.0.1 - - [30/Nov/2025 23:54:07] "GET /api/health HTTP/1.1" 200 -
2025-11-30 23:54:09,892 - werkzeug - INFO - 127.0.0.1 - - [30/Nov/2025 23:54:09] "GET /api/templates HTTP/1.1" 200 -
2025-11-30 23:54:09,895 - werkzeug - INFO - 127.0.0.1 - - [30/Nov/2025 23:54:09] "GET /api/templates HTTP/1.1" 200 -
2025-11-30 23:54:09,922 - werkzeug - INFO - 127.0.0.1 - - [30/Nov/2025 23:54:09] "GET /api/health HTTP/1.1" 200 -
2025-11-30 23:54:09,964 - werkzeug - INFO - 127.0.0.1 - - [30/Nov/2025 23:54:09] "GET /api/health HTTP/1.1" 200 -
2025-11-30 23:54:35,259 - __main__ - INFO - Starting conversion for file: HEM_Analyzer_专利交底书.md
2025-11-30 23:54:35,260 - __main__ - INFO - Starting Mermaid processing for file: HEM_Analyzer_专利交底书.md
2025-11-30 23:54:35,270 - __main__ - INFO - Successfully read markdown file, length: 12672 characters
2025-11-30 23:54:35,270 - __main__ - INFO - Mermaid code blocks detected in the input
2025-11-30 23:54:35,271 - __main__ - INFO - === Starting Mermaid processing ===
2025-11-30 23:54:35,271 - __main__ - INFO - Work directory: C:\Users\BJB110\AppData\Local\Temp\docgen_uploads\tmps1d9hp67
2025-11-30 23:54:35,271 - __main__ - INFO - Input text length: 12672 characters
2025-11-30 23:54:35,271 - __main__ - INFO - Test mode: false
2025-11-30 23:54:35,272 - __main__ - INFO - Workdir images directory: C:\Users\BJB110\AppData\Local\Temp\docgen_uploads\tmps1d9hp67\images
2025-11-30 23:54:35,273 - __main__ - INFO - MermaidProcessor initialized successfully
2025-11-30 23:54:35,273 - mermaid_processor - INFO - Extracted Mermaid block diagram-1-91a5c3ac: graph TD
    A[视频输入] --> B[格式检测与预处理]
    B --> C[R...
2025-11-30 23:54:35,273 - mermaid_processor - INFO - Extracted Mermaid block diagram-2-4b6c98ed: flowchart TD
    A[开始处理视频帧] --> B[提取ROI区域]
    B -...
2025-11-30 23:54:35,273 - mermaid_processor - INFO - Extracted Mermaid block diagram-3-2271bf5a: flowchart TD
    A[视频帧输入] --> B[计算基础曲线]
    B --> ...
2025-11-30 23:54:35,273 - mermaid_processor - INFO - Extracted Mermaid block diagram-4-83c42cc2: flowchart TD
    A[用户上传视频] --> B[选择ROI区域]
    B --...
2025-11-30 23:54:35,273 - mermaid_processor - INFO - Found 4 Mermaid diagram(s)
2025-11-30 23:54:35,274 - __main__ - INFO - Extracted 4 Mermaid blocks
2025-11-30 23:54:35,274 - __main__ - INFO - Block 1: diagram-1-91a5c3ac
2025-11-30 23:54:35,274 - __main__ - INFO -   - Filename: diagram-1-91a5c3ac.png
2025-11-30 23:54:35,274 - __main__ - INFO -   - Code preview: graph TD
    A[视频输入] --> B[格式检测与预处理]
    B --> C[ROI选择界面]
    C --> D[参数配置]
    D --> E[帧采样处理]
    E...
2025-11-30 23:54:35,274 - __main__ - INFO - Block 2: diagram-2-4b6c98ed
2025-11-30 23:54:35,274 - __main__ - INFO -   - Filename: diagram-2-4b6c98ed.png
2025-11-30 23:54:35,275 - __main__ - INFO -   - Code preview: flowchart TD
    A[开始处理视频帧] --> B[提取ROI区域]
    B --> C[计算ROI平均像素值]
    C --> D{平均像素值 > 阈值1?}
    D -...
2025-11-30 23:54:35,275 - __main__ - INFO - Block 3: diagram-3-2271bf5a
2025-11-30 23:54:35,275 - __main__ - INFO -   - Filename: diagram-3-2271bf5a.png
2025-11-30 23:54:35,275 - __main__ - INFO -   - Code preview: flowchart TD
    A[视频帧输入] --> B[计算基础曲线]
    B --> C[并行执行三种算法]
    C --> C1[突变检测]
    C --> C2[阈值检测]
...
2025-11-30 23:54:35,275 - __main__ - INFO - Block 4: diagram-4-83c42cc2
2025-11-30 23:54:35,275 - __main__ - INFO -   - Filename: diagram-4-83c42cc2.png
2025-11-30 23:54:35,276 - __main__ - INFO -   - Code preview: flowchart TD
    A[用户上传视频] --> B[选择ROI区域]
    B --> C{拖拽模式/中心点模式}
    C -->|拖拽模式| D[绘制矩形ROI]
    C -...
2025-11-30 23:54:35,276 - mermaid_processor - INFO - Mermaid images will be saved to: D:\ProjectPackage\DocGenerator\images
2025-11-30 23:54:35,276 - mermaid_processor - INFO - Processing Mermaid block 1/4: diagram-1-91a5c3ac
2025-11-30 23:54:35,277 - mermaid_processor - INFO - Running Mermaid CLI: C:\Users\BJB110\AppData\Roaming\npm\mmdc.cmd -i C:\Users\BJB110\AppData\Local\Temp\tmpq5qhzzko.mmd -o D:\ProjectPackage\DocGenerator\images\diagram-1-91a5c3ac.png -t neutral -b white -w 800 -H 600
2025-11-30 23:54:36,670 - mermaid_processor - INFO - ✓ Successfully generated image: D:\ProjectPackage\DocGenerator\images\diagram-1-91a5c3ac.png (48650 bytes)
2025-11-30 23:54:36,670 - mermaid_processor - INFO - ✓ Successfully converted diagram-1-91a5c3ac
2025-11-30 23:54:36,671 - mermaid_processor - INFO - Processing Mermaid block 2/4: diagram-2-4b6c98ed
2025-11-30 23:54:36,671 - mermaid_processor - INFO - Running Mermaid CLI: C:\Users\BJB110\AppData\Roaming\npm\mmdc.cmd -i C:\Users\BJB110\AppData\Local\Temp\tmpbjo3kuui.mmd -o D:\ProjectPackage\DocGenerator\images\diagram-2-4b6c98ed.png -t neutral -b white -w 800 -H 600
2025-11-30 23:54:38,015 - mermaid_processor - INFO - ✓ Successfully generated image: D:\ProjectPackage\DocGenerator\images\diagram-2-4b6c98ed.png (34785 bytes)
2025-11-30 23:54:38,015 - mermaid_processor - INFO - ✓ Successfully converted diagram-2-4b6c98ed
2025-11-30 23:54:38,016 - mermaid_processor - INFO - Processing Mermaid block 3/4: diagram-3-2271bf5a
2025-11-30 23:54:38,016 - mermaid_processor - INFO - Running Mermaid CLI: C:\Users\BJB110\AppData\Roaming\npm\mmdc.cmd -i C:\Users\BJB110\AppData\Local\Temp\tmpv2uheakb.mmd -o D:\ProjectPackage\DocGenerator\images\diagram-3-2271bf5a.png -t neutral -b white -w 800 -H 600
2025-11-30 23:54:39,377 - mermaid_processor - INFO - ✓ Successfully generated image: D:\ProjectPackage\DocGenerator\images\diagram-3-2271bf5a.png (32965 bytes)
2025-11-30 23:54:39,378 - mermaid_processor - INFO - ✓ Successfully converted diagram-3-2271bf5a
2025-11-30 23:54:39,378 - mermaid_processor - INFO - Processing Mermaid block 4/4: diagram-4-83c42cc2
2025-11-30 23:54:39,379 - mermaid_processor - INFO - Running Mermaid CLI: C:\Users\BJB110\AppData\Roaming\npm\mmdc.cmd -i C:\Users\BJB110\AppData\Local\Temp\tmpkq7e8t9e.mmd -o D:\ProjectPackage\DocGenerator\images\diagram-4-83c42cc2.png -t neutral -b white -w 800 -H 600
2025-11-30 23:54:40,735 - mermaid_processor - INFO - ✓ Successfully generated image: D:\ProjectPackage\DocGenerator\images\diagram-4-83c42cc2.png (40323 bytes)
2025-11-30 23:54:40,736 - mermaid_processor - INFO - ✓ Successfully converted diagram-4-83c42cc2
2025-11-30 23:54:40,736 - mermaid_processor - INFO - Mermaid processing completed: 4 successful, 0 failed
2025-11-30 23:54:40,736 - __main__ - INFO - Processing results: 4 successful, 0 failed
2025-11-30 23:54:40,736 - __main__ - INFO - ✓ Generated project image: D:\ProjectPackage\DocGenerator\images\diagram-1-91a5c3ac.png (48650 bytes)
2025-11-30 23:54:40,737 - __main__ - INFO - ✓ Copied image to workdir: C:\Users\BJB110\AppData\Local\Temp\docgen_uploads\tmps1d9hp67\images\diagram-1-91a5c3ac.png
2025-11-30 23:54:40,738 - __main__ - INFO - ✓ Generated project image: D:\ProjectPackage\DocGenerator\images\diagram-2-4b6c98ed.png (34785 bytes)
2025-11-30 23:54:40,738 - __main__ - INFO - ✓ Copied image to workdir: C:\Users\BJB110\AppData\Local\Temp\docgen_uploads\tmps1d9hp67\images\diagram-2-4b6c98ed.png
2025-11-30 23:54:40,738 - __main__ - INFO - ✓ Generated project image: D:\ProjectPackage\DocGenerator\images\diagram-3-2271bf5a.png (32965 bytes)
2025-11-30 23:54:40,739 - __main__ - INFO - ✓ Copied image to workdir: C:\Users\BJB110\AppData\Local\Temp\docgen_uploads\tmps1d9hp67\images\diagram-3-2271bf5a.png
2025-11-30 23:54:40,740 - __main__ - INFO - ✓ Generated project image: D:\ProjectPackage\DocGenerator\images\diagram-4-83c42cc2.png (40323 bytes)
2025-11-30 23:54:40,740 - __main__ - INFO - ✓ Copied image to workdir: C:\Users\BJB110\AppData\Local\Temp\docgen_uploads\tmps1d9hp67\images\diagram-4-83c42cc2.png
2025-11-30 23:54:40,740 - __main__ - INFO - === Mermaid processing completed ===
2025-11-30 23:54:40,741 - __main__ - INFO - Successfully processed mermaid blocks and updated input file for HEM_Analyzer_专利交底书.md
2025-11-30 23:54:40,741 - __main__ - INFO - Using template: 专利交底书模板.docx
2025-11-30 23:54:40,741 - __main__ - INFO - Original working directory: D:\ProjectPackage\DocGenerator\backend
2025-11-30 23:54:40,741 - __main__ - INFO - Changing to Pandoc working directory: C:\Users\BJB110\AppData\Local\Temp\docgen_uploads\tmps1d9hp67
2025-11-30 23:54:40,741 - __main__ - INFO - Input file: C:\Users\BJB110\AppData\Local\Temp\docgen_uploads\tmps1d9hp67\input.md
2025-11-30 23:54:40,741 - __main__ - INFO - Output file: C:\Users\BJB110\AppData\Local\Temp\docgen_uploads\tmps1d9hp67\output.docx
2025-11-30 23:54:40,742 - __main__ - INFO - Found 4 images in working directory: C:\Users\BJB110\AppData\Local\Temp\docgen_uploads\tmps1d9hp67\images
2025-11-30 23:54:40,742 - __main__ - INFO -   - diagram-1-91a5c3ac.png
2025-11-30 23:54:40,742 - __main__ - INFO -   - diagram-2-4b6c98ed.png
2025-11-30 23:54:40,742 - __main__ - INFO -   - diagram-3-2271bf5a.png
2025-11-30 23:54:40,880 - __main__ - INFO - Pandoc conversion successful for HEM_Analyzer_专利交底书.md
2025-11-30 23:54:40,880 - __main__ - INFO - Pandoc stdout: 
2025-11-30 23:54:40,880 - __main__ - INFO - Restored working directory to: D:\ProjectPackage\DocGenerator\backend
2025-11-30 23:54:40,892 - werkzeug - INFO - 127.0.0.1 - - [30/Nov/2025 23:54:40] "POST /api/convert HTTP/1.1" 200 -
2025-11-30 23:57:04,128 - werkzeug - INFO -  * Detected change in 'D:\\ProjectPackage\\DocGenerator\\backend\\mermaid_processor.py', reloading
2025-11-30 23:57:04,129 - werkzeug - INFO -  * Detected change in 'D:\\ProjectPackage\\DocGenerator\\backend\\mermaid_processor.py.tmp.15072.1764518224123', reloading
2025-11-30 23:57:04,781 - __main__ - INFO - Cleaned up temporary directory: C:\Users\BJB110\AppData\Local\Temp\docgen_uploads\tmps1d9hp67
2025-11-30 23:57:04,807 - werkzeug - INFO -  * Restarting with watchdog (windowsapi)
2025-11-30 23:57:05,072 - __main__ - INFO - Pandoc is available
2025-11-30 23:57:05,082 - werkzeug - WARNING -  * Debugger is active!
2025-11-30 23:57:05,085 - werkzeug - INFO -  * Debugger PIN: 637-448-104
2025-12-01 00:00:22,678 - __main__ - INFO - Pandoc is available
2025-12-01 00:00:27,847 - werkzeug - INFO - [31m[1mWARNING: This is a development server. Do not use it in a production deployment. Use a production WSGI server instead.[0m
 * Running on all addresses (0.0.0.0)
 * Running on http://127.0.0.1:5000
 * Running on http://26.26.26.1:5000
2025-12-01 00:00:27,847 - werkzeug - INFO - [33mPress CTRL+C to quit[0m
2025-12-01 00:00:27,856 - werkzeug - INFO -  * Restarting with watchdog (windowsapi)
2025-12-01 00:00:28,210 - __main__ - INFO - Pandoc is available
2025-12-01 00:00:28,220 - werkzeug - WARNING -  * Debugger is active!
2025-12-01 00:00:28,222 - werkzeug - INFO -  * Debugger PIN: 637-448-104
2025-12-01 00:00:51,757 - __main__ - INFO - Starting conversion for file: HEM_Analyzer_专利交底书.md
2025-12-01 00:00:51,759 - __main__ - INFO - Starting Mermaid processing for file: HEM_Analyzer_专利交底书.md
2025-12-01 00:00:51,766 - __main__ - INFO - Successfully read markdown file, length: 12672 characters
2025-12-01 00:00:51,767 - __main__ - INFO - Mermaid code blocks detected in the input
2025-12-01 00:00:51,767 - __main__ - INFO - === Starting Mermaid processing ===
2025-12-01 00:00:51,767 - __main__ - INFO - Work directory: C:\Users\BJB110\AppData\Local\Temp\docgen_uploads\tmp29lel3nu
2025-12-01 00:00:51,767 - __main__ - INFO - Input text length: 12672 characters
2025-12-01 00:00:51,767 - __main__ - INFO - Test mode: false
2025-12-01 00:00:51,768 - __main__ - INFO - Workdir images directory: C:\Users\BJB110\AppData\Local\Temp\docgen_uploads\tmp29lel3nu\images
2025-12-01 00:00:51,768 - __main__ - INFO - MermaidProcessor initialized successfully
2025-12-01 00:00:51,769 - mermaid_processor - INFO - Extracted Mermaid block diagram-1-6bc0df7b: graph TD
    A[视频输入] --> B[格式检测与预处理]
    B --> C[R...
2025-12-01 00:00:51,769 - mermaid_processor - INFO - Extracted Mermaid block diagram-2-0dd71f93: flowchart TD
    A[开始处理视频帧] --> B[提取ROI区域]
    B -...
2025-12-01 00:00:51,769 - mermaid_processor - INFO - Extracted Mermaid block diagram-3-a1f451ec: flowchart TD
    A[视频帧输入] --> B[计算基础曲线]
    B --> ...
2025-12-01 00:00:51,769 - mermaid_processor - INFO - Extracted Mermaid block diagram-4-305ee249: flowchart TD
    A[用户上传视频] --> B[选择ROI区域]
    B --...
2025-12-01 00:00:51,769 - mermaid_processor - INFO - Found 4 Mermaid diagram(s)
2025-12-01 00:00:51,770 - __main__ - INFO - Extracted 4 Mermaid blocks
2025-12-01 00:00:51,770 - __main__ - INFO - Block 1: diagram-1-6bc0df7b
2025-12-01 00:00:51,770 - __main__ - INFO -   - Filename: diagram-1-6bc0df7b.png
2025-12-01 00:00:51,770 - __main__ - INFO -   - Code preview: graph TD
    A[视频输入] --> B[格式检测与预处理]
    B --> C[ROI选择界面]
    C --> D[参数配置]
    D --> E[帧采样处理]
    E...
2025-12-01 00:00:51,770 - __main__ - INFO - Block 2: diagram-2-0dd71f93
2025-12-01 00:00:51,770 - __main__ - INFO -   - Filename: diagram-2-0dd71f93.png
2025-12-01 00:00:51,771 - __main__ - INFO -   - Code preview: flowchart TD
    A[开始处理视频帧] --> B[提取ROI区域]
    B --> C[计算ROI平均像素值]
    C --> D{平均像素值 > 阈值1?}
    D -...
2025-12-01 00:00:51,771 - __main__ - INFO - Block 3: diagram-3-a1f451ec
2025-12-01 00:00:51,771 - __main__ - INFO -   - Filename: diagram-3-a1f451ec.png
2025-12-01 00:00:51,771 - __main__ - INFO -   - Code preview: flowchart TD
    A[视频帧输入] --> B[计算基础曲线]
    B --> C[并行执行三种算法]
    C --> C1[突变检测]
    C --> C2[阈值检测]
...
2025-12-01 00:00:51,771 - __main__ - INFO - Block 4: diagram-4-305ee249
2025-12-01 00:00:51,771 - __main__ - INFO -   - Filename: diagram-4-305ee249.png
2025-12-01 00:00:51,771 - __main__ - INFO -   - Code preview: flowchart TD
    A[用户上传视频] --> B[选择ROI区域]
    B --> C{拖拽模式/中心点模式}
    C -->|拖拽模式| D[绘制矩形ROI]
    C -...
2025-12-01 00:00:51,772 - mermaid_processor - INFO - Mermaid images will be saved to: D:\ProjectPackage\DocGenerator\images
2025-12-01 00:00:51,772 - mermaid_processor - INFO - Processing Mermaid block 1/4: diagram-1-6bc0df7b
2025-12-01 00:00:51,773 - mermaid_processor - INFO - Running Mermaid CLI: C:\Users\BJB110\AppData\Roaming\npm\mmdc.cmd -i C:\Users\BJB110\AppData\Local\Temp\tmpgjol2bqq.mmd -o D:\ProjectPackage\DocGenerator\images\diagram-1-6bc0df7b.png -t neutral -b white -w 800 -H 600
2025-12-01 00:00:53,130 - mermaid_processor - INFO - ✓ Successfully generated image: D:\ProjectPackage\DocGenerator\images\diagram-1-6bc0df7b.png (48650 bytes)
2025-12-01 00:00:53,130 - mermaid_processor - INFO - ✓ Successfully converted diagram-1-6bc0df7b
2025-12-01 00:00:53,131 - mermaid_processor - INFO - Processing Mermaid block 2/4: diagram-2-0dd71f93
2025-12-01 00:00:53,132 - mermaid_processor - INFO - Running Mermaid CLI: C:\Users\BJB110\AppData\Roaming\npm\mmdc.cmd -i C:\Users\BJB110\AppData\Local\Temp\tmpo0avw9uo.mmd -o D:\ProjectPackage\DocGenerator\images\diagram-2-0dd71f93.png -t neutral -b white -w 800 -H 600
2025-12-01 00:00:54,457 - mermaid_processor - INFO - ✓ Successfully generated image: D:\ProjectPackage\DocGenerator\images\diagram-2-0dd71f93.png (34785 bytes)
2025-12-01 00:00:54,458 - mermaid_processor - INFO - ✓ Successfully converted diagram-2-0dd71f93
2025-12-01 00:00:54,458 - mermaid_processor - INFO - Processing Mermaid block 3/4: diagram-3-a1f451ec
2025-12-01 00:00:54,459 - mermaid_processor - INFO - Running Mermaid CLI: C:\Users\BJB110\AppData\Roaming\npm\mmdc.cmd -i C:\Users\BJB110\AppData\Local\Temp\tmpyx9m1k4c.mmd -o D:\ProjectPackage\DocGenerator\images\diagram-3-a1f451ec.png -t neutral -b white -w 800 -H 600
2025-12-01 00:00:55,780 - mermaid_processor - INFO - ✓ Successfully generated image: D:\ProjectPackage\DocGenerator\images\diagram-3-a1f451ec.png (32965 bytes)
2025-12-01 00:00:55,781 - mermaid_processor - INFO - ✓ Successfully converted diagram-3-a1f451ec
2025-12-01 00:00:55,781 - mermaid_processor - INFO - Processing Mermaid block 4/4: diagram-4-305ee249
2025-12-01 00:00:55,782 - mermaid_processor - INFO - Running Mermaid CLI: C:\Users\BJB110\AppData\Roaming\npm\mmdc.cmd -i C:\Users\BJB110\AppData\Local\Temp\tmpa_72_ui4.mmd -o D:\ProjectPackage\DocGenerator\images\diagram-4-305ee249.png -t neutral -b white -w 800 -H 600
2025-12-01 00:00:57,119 - mermaid_processor - INFO - ✓ Successfully generated image: D:\ProjectPackage\DocGenerator\images\diagram-4-305ee249.png (40323 bytes)
2025-12-01 00:00:57,120 - mermaid_processor - INFO - ✓ Successfully converted diagram-4-305ee249
2025-12-01 00:00:57,120 - mermaid_processor - INFO - Mermaid processing completed: 4 successful, 0 failed
2025-12-01 00:00:57,120 - __main__ - INFO - Processing results: 4 successful, 0 failed
2025-12-01 00:00:57,120 - __main__ - INFO - ✓ Generated project image: D:\ProjectPackage\DocGenerator\images\diagram-1-6bc0df7b.png (48650 bytes)
2025-12-01 00:00:57,121 - __main__ - INFO - ✓ Copied image to workdir: C:\Users\BJB110\AppData\Local\Temp\docgen_uploads\tmp29lel3nu\images\diagram-1-6bc0df7b.png
2025-12-01 00:00:57,122 - __main__ - INFO - ✓ Generated project image: D:\ProjectPackage\DocGenerator\images\diagram-2-0dd71f93.png (34785 bytes)
2025-12-01 00:00:57,123 - __main__ - INFO - ✓ Copied image to workdir: C:\Users\BJB110\AppData\Local\Temp\docgen_uploads\tmp29lel3nu\images\diagram-2-0dd71f93.png
2025-12-01 00:00:57,123 - __main__ - INFO - ✓ Generated project image: D:\ProjectPackage\DocGenerator\images\diagram-3-a1f451ec.png (32965 bytes)
2025-12-01 00:00:57,124 - __main__ - INFO - ✓ Copied image to workdir: C:\Users\BJB110\AppData\Local\Temp\docgen_uploads\tmp29lel3nu\images\diagram-3-a1f451ec.png
2025-12-01 00:00:57,124 - __main__ - INFO - ✓ Generated project image: D:\ProjectPackage\DocGenerator\images\diagram-4-305ee249.png (40323 bytes)
2025-12-01 00:00:57,125 - __main__ - INFO - ✓ Copied image to workdir: C:\Users\BJB110\AppData\Local\Temp\docgen_uploads\tmp29lel3nu\images\diagram-4-305ee249.png
2025-12-01 00:00:57,125 - __main__ - INFO - === Mermaid processing completed ===
2025-12-01 00:00:57,126 - __main__ - INFO - Successfully processed mermaid blocks and updated input file for HEM_Analyzer_专利交底书.md
2025-12-01 00:00:57,127 - __main__ - INFO - Original working directory: D:\ProjectPackage\DocGenerator\backend
2025-12-01 00:00:57,127 - __main__ - INFO - Changing to Pandoc working directory: C:\Users\BJB110\AppData\Local\Temp\docgen_uploads\tmp29lel3nu
2025-12-01 00:00:57,127 - __main__ - INFO - Input file: C:\Users\BJB110\AppData\Local\Temp\docgen_uploads\tmp29lel3nu\input.md
2025-12-01 00:00:57,127 - __main__ - INFO - Output file: C:\Users\BJB110\AppData\Local\Temp\docgen_uploads\tmp29lel3nu\output.docx
2025-12-01 00:00:57,128 - __main__ - INFO - Found 4 images in working directory: C:\Users\BJB110\AppData\Local\Temp\docgen_uploads\tmp29lel3nu\images
2025-12-01 00:00:57,128 - __main__ - INFO -   - diagram-1-6bc0df7b.png
2025-12-01 00:00:57,128 - __main__ - INFO -   - diagram-2-0dd71f93.png
2025-12-01 00:00:57,128 - __main__ - INFO -   - diagram-3-a1f451ec.png
2025-12-01 00:00:57,266 - __main__ - INFO - Pandoc conversion successful for HEM_Analyzer_专利交底书.md
2025-12-01 00:00:57,266 - __main__ - INFO - Pandoc stdout: 
2025-12-01 00:00:57,266 - __main__ - INFO - Restored working directory to: D:\ProjectPackage\DocGenerator\backend
2025-12-01 00:00:57,278 - werkzeug - INFO - 127.0.0.1 - - [01/Dec/2025 00:00:57] "POST /api/convert HTTP/1.1" 200 -
2025-12-01 00:03:18,322 - __main__ - INFO - Pandoc is available
2025-12-01 00:03:23,501 - werkzeug - INFO - [31m[1mWARNING: This is a development server. Do not use it in a production deployment. Use a production WSGI server instead.[0m
 * Running on all addresses (0.0.0.0)
 * Running on http://127.0.0.1:5000
 * Running on http://26.26.26.1:5000
2025-12-01 00:03:23,501 - werkzeug - INFO - [33mPress CTRL+C to quit[0m
2025-12-01 00:03:23,511 - werkzeug - INFO -  * Restarting with watchdog (windowsapi)
2025-12-01 00:03:23,771 - __main__ - INFO - Pandoc is available
2025-12-01 00:03:23,780 - werkzeug - WARNING -  * Debugger is active!
2025-12-01 00:03:23,782 - werkzeug - INFO -  * Debugger PIN: 637-448-104
2025-12-01 00:03:28,807 - werkzeug - INFO - 127.0.0.1 - - [01/Dec/2025 00:03:28] "GET /api/health HTTP/1.1" 200 -
2025-12-01 00:03:35,322 - werkzeug - INFO - 127.0.0.1 - - [01/Dec/2025 00:03:35] "GET /api/templates HTTP/1.1" 200 -
2025-12-01 00:03:44,906 - werkzeug - INFO - 127.0.0.1 - - [01/Dec/2025 00:03:44] "GET /api/health HTTP/1.1" 200 -
2025-12-01 00:03:45,171 - werkzeug - INFO - 127.0.0.1 - - [01/Dec/2025 00:03:45] "GET /api/templates HTTP/1.1" 200 -
2025-12-01 00:04:08,834 - werkzeug - INFO - 127.0.0.1 - - [01/Dec/2025 00:04:08] "GET /api/templates HTTP/1.1" 200 -
2025-12-01 00:04:08,837 - werkzeug - INFO - 127.0.0.1 - - [01/Dec/2025 00:04:08] "GET /api/templates HTTP/1.1" 200 -
2025-12-01 00:04:08,865 - werkzeug - INFO - 127.0.0.1 - - [01/Dec/2025 00:04:08] "GET /api/health HTTP/1.1" 200 -
2025-12-01 00:04:08,900 - werkzeug - INFO - 127.0.0.1 - - [01/Dec/2025 00:04:08] "GET /api/health HTTP/1.1" 200 -
2025-12-01 00:04:17,555 - __main__ - INFO - Starting conversion for file: HEM_Analyzer_专利交底书.md
2025-12-01 00:04:17,557 - __main__ - INFO - Starting Mermaid processing for file: HEM_Analyzer_专利交底书.md
2025-12-01 00:04:17,566 - __main__ - INFO - Successfully read markdown file, length: 12672 characters
2025-12-01 00:04:17,566 - __main__ - INFO - Mermaid code blocks detected in the input
2025-12-01 00:04:17,566 - __main__ - INFO - === Starting Mermaid processing ===
2025-12-01 00:04:17,567 - __main__ - INFO - Work directory: C:\Users\BJB110\AppData\Local\Temp\docgen_uploads\tmpikv1yl3r
2025-12-01 00:04:17,567 - __main__ - INFO - Input text length: 12672 characters
2025-12-01 00:04:17,567 - __main__ - INFO - Test mode: false
2025-12-01 00:04:17,567 - __main__ - INFO - Workdir images directory: C:\Users\BJB110\AppData\Local\Temp\docgen_uploads\tmpikv1yl3r\images
2025-12-01 00:04:17,568 - __main__ - INFO - MermaidProcessor initialized successfully
2025-12-01 00:04:17,568 - mermaid_processor - INFO - Extracted Mermaid block diagram-1-767a946f: graph TD
    A[视频输入] --> B[格式检测与预处理]
    B --> C[R...
2025-12-01 00:04:17,568 - mermaid_processor - INFO - Extracted Mermaid block diagram-2-b539c79d: flowchart TD
    A[开始处理视频帧] --> B[提取ROI区域]
    B -...
2025-12-01 00:04:17,568 - mermaid_processor - INFO - Extracted Mermaid block diagram-3-87239eea: flowchart TD
    A[视频帧输入] --> B[计算基础曲线]
    B --> ...
2025-12-01 00:04:17,569 - mermaid_processor - INFO - Extracted Mermaid block diagram-4-c9f1a090: flowchart TD
    A[用户上传视频] --> B[选择ROI区域]
    B --...
2025-12-01 00:04:17,569 - mermaid_processor - INFO - Found 4 Mermaid diagram(s)
2025-12-01 00:04:17,569 - __main__ - INFO - Extracted 4 Mermaid blocks
2025-12-01 00:04:17,569 - __main__ - INFO - Block 1: diagram-1-767a946f
2025-12-01 00:04:17,569 - __main__ - INFO -   - Filename: diagram-1-767a946f.png
2025-12-01 00:04:17,570 - __main__ - INFO -   - Code preview: graph TD
    A[视频输入] --> B[格式检测与预处理]
    B --> C[ROI选择界面]
    C --> D[参数配置]
    D --> E[帧采样处理]
    E...
2025-12-01 00:04:17,570 - __main__ - INFO - Block 2: diagram-2-b539c79d
2025-12-01 00:04:17,570 - __main__ - INFO -   - Filename: diagram-2-b539c79d.png
2025-12-01 00:04:17,570 - __main__ - INFO -   - Code preview: flowchart TD
    A[开始处理视频帧] --> B[提取ROI区域]
    B --> C[计算ROI平均像素值]
    C --> D{平均像素值 > 阈值1?}
    D -...
2025-12-01 00:04:17,570 - __main__ - INFO - Block 3: diagram-3-87239eea
2025-12-01 00:04:17,570 - __main__ - INFO -   - Filename: diagram-3-87239eea.png
2025-12-01 00:04:17,571 - __main__ - INFO -   - Code preview: flowchart TD
    A[视频帧输入] --> B[计算基础曲线]
    B --> C[并行执行三种算法]
    C --> C1[突变检测]
    C --> C2[阈值检测]
...
2025-12-01 00:04:17,571 - __main__ - INFO - Block 4: diagram-4-c9f1a090
2025-12-01 00:04:17,571 - __main__ - INFO -   - Filename: diagram-4-c9f1a090.png
2025-12-01 00:04:17,571 - __main__ - INFO -   - Code preview: flowchart TD
    A[用户上传视频] --> B[选择ROI区域]
    B --> C{拖拽模式/中心点模式}
    C -->|拖拽模式| D[绘制矩形ROI]
    C -...
2025-12-01 00:04:17,571 - mermaid_processor - INFO - Mermaid images will be saved to: D:\ProjectPackage\DocGenerator\images
2025-12-01 00:04:17,571 - mermaid_processor - INFO - Processing Mermaid block 1/4: diagram-1-767a946f
2025-12-01 00:04:17,572 - mermaid_processor - INFO - Running Mermaid CLI: C:\Users\BJB110\AppData\Roaming\npm\mmdc.cmd -i C:\Users\BJB110\AppData\Local\Temp\tmpch2jiw5l.mmd -o D:\ProjectPackage\DocGenerator\images\diagram-1-767a946f.png -t neutral -b white -w 800 -H 600
2025-12-01 00:04:18,932 - mermaid_processor - INFO - ✓ Successfully generated image: D:\ProjectPackage\DocGenerator\images\diagram-1-767a946f.png (48650 bytes)
2025-12-01 00:04:18,933 - mermaid_processor - INFO - ✓ Successfully converted diagram-1-767a946f
2025-12-01 00:04:18,933 - mermaid_processor - INFO - Processing Mermaid block 2/4: diagram-2-b539c79d
2025-12-01 00:04:18,934 - mermaid_processor - INFO - Running Mermaid CLI: C:\Users\BJB110\AppData\Roaming\npm\mmdc.cmd -i C:\Users\BJB110\AppData\Local\Temp\tmpk3y81kan.mmd -o D:\ProjectPackage\DocGenerator\images\diagram-2-b539c79d.png -t neutral -b white -w 800 -H 600
2025-12-01 00:04:20,245 - mermaid_processor - INFO - ✓ Successfully generated image: D:\ProjectPackage\DocGenerator\images\diagram-2-b539c79d.png (34785 bytes)
2025-12-01 00:04:20,246 - mermaid_processor - INFO - ✓ Successfully converted diagram-2-b539c79d
2025-12-01 00:04:20,247 - mermaid_processor - INFO - Processing Mermaid block 3/4: diagram-3-87239eea
2025-12-01 00:04:20,247 - mermaid_processor - INFO - Running Mermaid CLI: C:\Users\BJB110\AppData\Roaming\npm\mmdc.cmd -i C:\Users\BJB110\AppData\Local\Temp\tmpvuuu5zr2.mmd -o D:\ProjectPackage\DocGenerator\images\diagram-3-87239eea.png -t neutral -b white -w 800 -H 600
2025-12-01 00:04:21,535 - mermaid_processor - INFO - ✓ Successfully generated image: D:\ProjectPackage\DocGenerator\images\diagram-3-87239eea.png (32965 bytes)
2025-12-01 00:04:21,536 - mermaid_processor - INFO - ✓ Successfully converted diagram-3-87239eea
2025-12-01 00:04:21,536 - mermaid_processor - INFO - Processing Mermaid block 4/4: diagram-4-c9f1a090
2025-12-01 00:04:21,537 - mermaid_processor - INFO - Running Mermaid CLI: C:\Users\BJB110\AppData\Roaming\npm\mmdc.cmd -i C:\Users\BJB110\AppData\Local\Temp\tmpf0msk44w.mmd -o D:\ProjectPackage\DocGenerator\images\diagram-4-c9f1a090.png -t neutral -b white -w 800 -H 600
2025-12-01 00:04:22,836 - mermaid_processor - INFO - ✓ Successfully generated image: D:\ProjectPackage\DocGenerator\images\diagram-4-c9f1a090.png (40323 bytes)
2025-12-01 00:04:22,837 - mermaid_processor - INFO - ✓ Successfully converted diagram-4-c9f1a090
2025-12-01 00:04:22,837 - mermaid_processor - INFO - Mermaid processing completed: 4 successful, 0 failed
2025-12-01 00:04:22,837 - __main__ - INFO - Processing results: 4 successful, 0 failed
2025-12-01 00:04:22,837 - __main__ - INFO - ✓ Generated project image: D:\ProjectPackage\DocGenerator\images\diagram-1-767a946f.png (48650 bytes)
2025-12-01 00:04:22,838 - __main__ - INFO - ✓ Copied image to workdir: C:\Users\BJB110\AppData\Local\Temp\docgen_uploads\tmpikv1yl3r\images\diagram-1-767a946f.png
2025-12-01 00:04:22,839 - __main__ - INFO - ✓ Generated project image: D:\ProjectPackage\DocGenerator\images\diagram-2-b539c79d.png (34785 bytes)
2025-12-01 00:04:22,839 - __main__ - INFO - ✓ Copied image to workdir: C:\Users\BJB110\AppData\Local\Temp\docgen_uploads\tmpikv1yl3r\images\diagram-2-b539c79d.png
2025-12-01 00:04:22,840 - __main__ - INFO - ✓ Generated project image: D:\ProjectPackage\DocGenerator\images\diagram-3-87239eea.png (32965 bytes)
2025-12-01 00:04:22,840 - __main__ - INFO - ✓ Copied image to workdir: C:\Users\BJB110\AppData\Local\Temp\docgen_uploads\tmpikv1yl3r\images\diagram-3-87239eea.png
2025-12-01 00:04:22,841 - __main__ - INFO - ✓ Generated project image: D:\ProjectPackage\DocGenerator\images\diagram-4-c9f1a090.png (40323 bytes)
2025-12-01 00:04:22,841 - __main__ - INFO - ✓ Copied image to workdir: C:\Users\BJB110\AppData\Local\Temp\docgen_uploads\tmpikv1yl3r\images\diagram-4-c9f1a090.png
2025-12-01 00:04:22,841 - __main__ - INFO - === Mermaid processing completed ===
2025-12-01 00:04:22,842 - __main__ - INFO - Successfully processed mermaid blocks and updated input file for HEM_Analyzer_专利交底书.md
2025-12-01 00:04:22,842 - __main__ - INFO - Using template: 专利交底书模板.docx
2025-12-01 00:04:22,843 - __main__ - INFO - Original working directory: D:\ProjectPackage\DocGenerator\backend
2025-12-01 00:04:22,843 - __main__ - INFO - Changing to Pandoc working directory: C:\Users\BJB110\AppData\Local\Temp\docgen_uploads\tmpikv1yl3r
2025-12-01 00:04:22,843 - __main__ - INFO - Input file: C:\Users\BJB110\AppData\Local\Temp\docgen_uploads\tmpikv1yl3r\input.md
2025-12-01 00:04:22,843 - __main__ - INFO - Output file: C:\Users\BJB110\AppData\Local\Temp\docgen_uploads\tmpikv1yl3r\output.docx
2025-12-01 00:04:22,843 - __main__ - INFO - Found 4 images in working directory: C:\Users\BJB110\AppData\Local\Temp\docgen_uploads\tmpikv1yl3r\images
2025-12-01 00:04:22,843 - __main__ - INFO -   - diagram-1-767a946f.png
2025-12-01 00:04:22,844 - __main__ - INFO -   - diagram-2-b539c79d.png
2025-12-01 00:04:22,844 - __main__ - INFO -   - diagram-3-87239eea.png
2025-12-01 00:04:22,988 - __main__ - INFO - Pandoc conversion successful for HEM_Analyzer_专利交底书.md
2025-12-01 00:04:22,988 - __main__ - INFO - Pandoc stdout: 
2025-12-01 00:04:22,988 - __main__ - INFO - Restored working directory to: D:\ProjectPackage\DocGenerator\backend
2025-12-01 00:04:23,000 - werkzeug - INFO - 127.0.0.1 - - [01/Dec/2025 00:04:23] "POST /api/convert HTTP/1.1" 200 -
